<?xml version="1.0" encoding="UTF-8"?>
<testng-results skipped="0" failed="0" ignored="0" total="1" passed="1">
  <reporter-output>
  </reporter-output>
  <suite name="Default suite" duration-ms="7161" started-at="2020-10-21T16:22:29 EDT" finished-at="2020-10-21T16:22:36 EDT">
    <groups>
    </groups>
    <test name="Default test" duration-ms="7161" started-at="2020-10-21T16:22:29 EDT" finished-at="2020-10-21T16:22:36 EDT">
      <class name="test.LoginTest">
        <test-method status="PASS" signature="userWithValidCredentialsShouldBeAbleToLogin()[pri:0, instance:test.LoginTest@4bbfb90a]" name="userWithValidCredentialsShouldBeAbleToLogin" duration-ms="7127" started-at="2020-10-21T16:22:29 EDT" finished-at="2020-10-21T16:22:36 EDT">
          <reporter-output>
          </reporter-output>
        </test-method> <!-- userWithValidCredentialsShouldBeAbleToLogin -->
      </class> <!-- test.LoginTest -->
    </test> <!-- Default test -->
  </suite> <!-- Default suite -->
</testng-results>
